[debug] [2024-06-03T13:37:03.905Z] ----------------------------------------------------------------------
[debug] [2024-06-03T13:37:03.908Z] Command:       C:\Program Files (x86)\nodejs\node.exe C:\Users\rafael.meha\AppData\Roaming\npm\node_modules\firebase-tools\lib\bin\firebase.js init
[debug] [2024-06-03T13:37:03.909Z] CLI Version:   13.10.2
[debug] [2024-06-03T13:37:03.909Z] Platform:      win32
[debug] [2024-06-03T13:37:03.909Z] Node Version:  v21.7.3
[debug] [2024-06-03T13:37:03.909Z] Time:          Mon Jun 03 2024 14:37:03 GMT+0100 (Hora de verão da Europa Ocidental)
[debug] [2024-06-03T13:37:03.909Z] ----------------------------------------------------------------------
[debug] 
[debug] [2024-06-03T13:37:03.955Z] > command requires scopes: ["email","openid","https://www.googleapis.com/auth/cloudplatformprojects.readonly","https://www.googleapis.com/auth/firebase","https://www.googleapis.com/auth/cloud-platform"]
[debug] [2024-06-03T13:37:03.955Z] > authorizing via signed-in user (rafaelmeha5@gmail.com)
[info] 
     ######## #### ########  ######## ########     ###     ######  ########
     ##        ##  ##     ## ##       ##     ##  ##   ##  ##       ##
     ######    ##  ########  ######   ########  #########  ######  ######
     ##        ##  ##    ##  ##       ##     ## ##     ##       ## ##
     ##       #### ##     ## ######## ########  ##     ##  ######  ########

You're about to initialize a Firebase project in this directory:

  C:\Users\rafael.meha\PW\PW

Before we get started, keep in mind:

  * You are initializing within an existing Firebase project directory

